0 info it worked if it ends with ok
1 verbose cli [ '/usr/bin/node', '/usr/bin/npm', 'install' ]
2 info using npm@1.4.28
3 info using node@v0.10.38
4 verbose node symlink /usr/bin/node
5 warn package.json Elokuvakirjasto@0.0.0 No description
6 warn package.json Elokuvakirjasto@0.0.0 No repository field.
7 verbose readDependencies using package.json deps
8 verbose install where, deps [ '/home/jani/Documents/code/Elokuvakirjasto',
8 verbose install   [ 'karma-chrome-launcher',
8 verbose install     'karma',
8 verbose install     'protractor',
8 verbose install     'http-server',
8 verbose install     'bower',
8 verbose install     'shelljs',
8 verbose install     'karma-junit-reporter',
8 verbose install     'karma-jasmine' ] ]
9 info preinstall Elokuvakirjasto@0.0.0
10 verbose readDependencies using package.json deps
11 verbose cache add [ 'karma@~0.12', null ]
12 verbose cache add name=undefined spec="karma@~0.12" args=["karma@~0.12",null]
13 verbose parsed url { protocol: null,
13 verbose parsed url   slashes: null,
13 verbose parsed url   auth: null,
13 verbose parsed url   host: null,
13 verbose parsed url   port: null,
13 verbose parsed url   hostname: null,
13 verbose parsed url   hash: null,
13 verbose parsed url   search: null,
13 verbose parsed url   query: null,
13 verbose parsed url   pathname: 'karma@~0.12',
13 verbose parsed url   path: 'karma@~0.12',
13 verbose parsed url   href: 'karma@~0.12' }
14 verbose cache add name="karma" spec="~0.12" args=["karma","~0.12"]
15 verbose parsed url { protocol: null,
15 verbose parsed url   slashes: null,
15 verbose parsed url   auth: null,
15 verbose parsed url   host: null,
15 verbose parsed url   port: null,
15 verbose parsed url   hostname: null,
15 verbose parsed url   hash: null,
15 verbose parsed url   search: null,
15 verbose parsed url   query: null,
15 verbose parsed url   pathname: '~0.12',
15 verbose parsed url   path: '~0.12',
15 verbose parsed url   href: '~0.12' }
16 verbose addNamed [ 'karma', '~0.12' ]
17 verbose addNamed [ null, '>=0.12.0-0 <0.13.0-0' ]
18 verbose cache add [ 'protractor@^1.1.1', null ]
19 verbose cache add name=undefined spec="protractor@^1.1.1" args=["protractor@^1.1.1",null]
20 verbose parsed url { protocol: null,
20 verbose parsed url   slashes: null,
20 verbose parsed url   auth: null,
20 verbose parsed url   host: null,
20 verbose parsed url   port: null,
20 verbose parsed url   hostname: null,
20 verbose parsed url   hash: null,
20 verbose parsed url   search: null,
20 verbose parsed url   query: null,
20 verbose parsed url   pathname: 'protractor@^1.1.1',
20 verbose parsed url   path: 'protractor@^1.1.1',
20 verbose parsed url   href: 'protractor@^1.1.1' }
21 verbose cache add [ 'http-server@^0.6.1', null ]
22 verbose cache add name=undefined spec="http-server@^0.6.1" args=["http-server@^0.6.1",null]
23 verbose parsed url { protocol: null,
23 verbose parsed url   slashes: null,
23 verbose parsed url   auth: null,
23 verbose parsed url   host: null,
23 verbose parsed url   port: null,
23 verbose parsed url   hostname: null,
23 verbose parsed url   hash: null,
23 verbose parsed url   search: null,
23 verbose parsed url   query: null,
23 verbose parsed url   pathname: 'http-server@^0.6.1',
23 verbose parsed url   path: 'http-server@^0.6.1',
23 verbose parsed url   href: 'http-server@^0.6.1' }
24 verbose cache add [ 'bower@^1.3.1', null ]
25 verbose cache add name=undefined spec="bower@^1.3.1" args=["bower@^1.3.1",null]
26 verbose parsed url { protocol: null,
26 verbose parsed url   slashes: null,
26 verbose parsed url   auth: null,
26 verbose parsed url   host: null,
26 verbose parsed url   port: null,
26 verbose parsed url   hostname: null,
26 verbose parsed url   hash: null,
26 verbose parsed url   search: null,
26 verbose parsed url   query: null,
26 verbose parsed url   pathname: 'bower@^1.3.1',
26 verbose parsed url   path: 'bower@^1.3.1',
26 verbose parsed url   href: 'bower@^1.3.1' }
27 verbose cache add [ 'shelljs@^0.2.6', null ]
28 verbose cache add name=undefined spec="shelljs@^0.2.6" args=["shelljs@^0.2.6",null]
29 verbose parsed url { protocol: null,
29 verbose parsed url   slashes: null,
29 verbose parsed url   auth: null,
29 verbose parsed url   host: null,
29 verbose parsed url   port: null,
29 verbose parsed url   hostname: null,
29 verbose parsed url   hash: null,
29 verbose parsed url   search: null,
29 verbose parsed url   query: null,
29 verbose parsed url   pathname: 'shelljs@^0.2.6',
29 verbose parsed url   path: 'shelljs@^0.2.6',
29 verbose parsed url   href: 'shelljs@^0.2.6' }
30 verbose cache add [ 'karma-junit-reporter@^0.2.2', null ]
31 verbose cache add name=undefined spec="karma-junit-reporter@^0.2.2" args=["karma-junit-reporter@^0.2.2",null]
32 verbose parsed url { protocol: null,
32 verbose parsed url   slashes: null,
32 verbose parsed url   auth: null,
32 verbose parsed url   host: null,
32 verbose parsed url   port: null,
32 verbose parsed url   hostname: null,
32 verbose parsed url   hash: null,
32 verbose parsed url   search: null,
32 verbose parsed url   query: null,
32 verbose parsed url   pathname: 'karma-junit-reporter@^0.2.2',
32 verbose parsed url   path: 'karma-junit-reporter@^0.2.2',
32 verbose parsed url   href: 'karma-junit-reporter@^0.2.2' }
33 verbose cache add [ 'karma-jasmine@~0.2', null ]
34 verbose cache add name=undefined spec="karma-jasmine@~0.2" args=["karma-jasmine@~0.2",null]
35 verbose parsed url { protocol: null,
35 verbose parsed url   slashes: null,
35 verbose parsed url   auth: null,
35 verbose parsed url   host: null,
35 verbose parsed url   port: null,
35 verbose parsed url   hostname: null,
35 verbose parsed url   hash: null,
35 verbose parsed url   search: null,
35 verbose parsed url   query: null,
35 verbose parsed url   pathname: 'karma-jasmine@~0.2',
35 verbose parsed url   path: 'karma-jasmine@~0.2',
35 verbose parsed url   href: 'karma-jasmine@~0.2' }
36 verbose cache add [ 'karma-chrome-launcher@^0.1.8', null ]
37 verbose cache add name=undefined spec="karma-chrome-launcher@^0.1.8" args=["karma-chrome-launcher@^0.1.8",null]
38 verbose parsed url { protocol: null,
38 verbose parsed url   slashes: null,
38 verbose parsed url   auth: null,
38 verbose parsed url   host: null,
38 verbose parsed url   port: null,
38 verbose parsed url   hostname: null,
38 verbose parsed url   hash: null,
38 verbose parsed url   search: null,
38 verbose parsed url   query: null,
38 verbose parsed url   pathname: 'karma-chrome-launcher@^0.1.8',
38 verbose parsed url   path: 'karma-chrome-launcher@^0.1.8',
38 verbose parsed url   href: 'karma-chrome-launcher@^0.1.8' }
39 silly lockFile 0424ac46-karma-0-12 karma@~0.12
40 verbose lock karma@~0.12 /home/jani/.npm/0424ac46-karma-0-12.lock
41 verbose cache add name="protractor" spec="^1.1.1" args=["protractor","^1.1.1"]
42 verbose parsed url { protocol: null,
42 verbose parsed url   slashes: null,
42 verbose parsed url   auth: null,
42 verbose parsed url   host: null,
42 verbose parsed url   port: null,
42 verbose parsed url   hostname: null,
42 verbose parsed url   hash: null,
42 verbose parsed url   search: null,
42 verbose parsed url   query: null,
42 verbose parsed url   pathname: '^1.1.1',
42 verbose parsed url   path: '^1.1.1',
42 verbose parsed url   href: '^1.1.1' }
43 verbose addNamed [ 'protractor', '^1.1.1' ]
44 verbose addNamed [ null, '>=1.1.1-0 <2.0.0-0' ]
45 silly lockFile 345c784a-protractor-1-1-1 protractor@^1.1.1
46 verbose lock protractor@^1.1.1 /home/jani/.npm/345c784a-protractor-1-1-1.lock
47 verbose cache add name="http-server" spec="^0.6.1" args=["http-server","^0.6.1"]
48 verbose parsed url { protocol: null,
48 verbose parsed url   slashes: null,
48 verbose parsed url   auth: null,
48 verbose parsed url   host: null,
48 verbose parsed url   port: null,
48 verbose parsed url   hostname: null,
48 verbose parsed url   hash: null,
48 verbose parsed url   search: null,
48 verbose parsed url   query: null,
48 verbose parsed url   pathname: '^0.6.1',
48 verbose parsed url   path: '^0.6.1',
48 verbose parsed url   href: '^0.6.1' }
49 verbose addNamed [ 'http-server', '^0.6.1' ]
50 verbose addNamed [ null, '>=0.6.1-0 <0.7.0-0' ]
51 silly lockFile e7eeaefd-http-server-0-6-1 http-server@^0.6.1
52 verbose lock http-server@^0.6.1 /home/jani/.npm/e7eeaefd-http-server-0-6-1.lock
53 verbose cache add name="bower" spec="^1.3.1" args=["bower","^1.3.1"]
54 verbose parsed url { protocol: null,
54 verbose parsed url   slashes: null,
54 verbose parsed url   auth: null,
54 verbose parsed url   host: null,
54 verbose parsed url   port: null,
54 verbose parsed url   hostname: null,
54 verbose parsed url   hash: null,
54 verbose parsed url   search: null,
54 verbose parsed url   query: null,
54 verbose parsed url   pathname: '^1.3.1',
54 verbose parsed url   path: '^1.3.1',
54 verbose parsed url   href: '^1.3.1' }
55 verbose addNamed [ 'bower', '^1.3.1' ]
56 verbose addNamed [ null, '>=1.3.1-0 <2.0.0-0' ]
57 silly lockFile 7c83895e-bower-1-3-1 bower@^1.3.1
58 verbose lock bower@^1.3.1 /home/jani/.npm/7c83895e-bower-1-3-1.lock
59 verbose cache add name="shelljs" spec="^0.2.6" args=["shelljs","^0.2.6"]
60 verbose parsed url { protocol: null,
60 verbose parsed url   slashes: null,
60 verbose parsed url   auth: null,
60 verbose parsed url   host: null,
60 verbose parsed url   port: null,
60 verbose parsed url   hostname: null,
60 verbose parsed url   hash: null,
60 verbose parsed url   search: null,
60 verbose parsed url   query: null,
60 verbose parsed url   pathname: '^0.2.6',
60 verbose parsed url   path: '^0.2.6',
60 verbose parsed url   href: '^0.2.6' }
61 verbose addNamed [ 'shelljs', '^0.2.6' ]
62 verbose addNamed [ null, '>=0.2.6-0 <0.3.0-0' ]
63 silly lockFile cdaabbbd-shelljs-0-2-6 shelljs@^0.2.6
64 verbose lock shelljs@^0.2.6 /home/jani/.npm/cdaabbbd-shelljs-0-2-6.lock
65 verbose cache add name="karma-junit-reporter" spec="^0.2.2" args=["karma-junit-reporter","^0.2.2"]
66 verbose parsed url { protocol: null,
66 verbose parsed url   slashes: null,
66 verbose parsed url   auth: null,
66 verbose parsed url   host: null,
66 verbose parsed url   port: null,
66 verbose parsed url   hostname: null,
66 verbose parsed url   hash: null,
66 verbose parsed url   search: null,
66 verbose parsed url   query: null,
66 verbose parsed url   pathname: '^0.2.2',
66 verbose parsed url   path: '^0.2.2',
66 verbose parsed url   href: '^0.2.2' }
67 verbose addNamed [ 'karma-junit-reporter', '^0.2.2' ]
68 verbose addNamed [ null, '>=0.2.2-0 <0.3.0-0' ]
69 silly lockFile 6934e75d-karma-junit-reporter-0-2-2 karma-junit-reporter@^0.2.2
70 verbose lock karma-junit-reporter@^0.2.2 /home/jani/.npm/6934e75d-karma-junit-reporter-0-2-2.lock
71 verbose cache add name="karma-jasmine" spec="~0.2" args=["karma-jasmine","~0.2"]
72 verbose parsed url { protocol: null,
72 verbose parsed url   slashes: null,
72 verbose parsed url   auth: null,
72 verbose parsed url   host: null,
72 verbose parsed url   port: null,
72 verbose parsed url   hostname: null,
72 verbose parsed url   hash: null,
72 verbose parsed url   search: null,
72 verbose parsed url   query: null,
72 verbose parsed url   pathname: '~0.2',
72 verbose parsed url   path: '~0.2',
72 verbose parsed url   href: '~0.2' }
73 verbose addNamed [ 'karma-jasmine', '~0.2' ]
74 verbose addNamed [ null, '>=0.2.0-0 <0.3.0-0' ]
75 silly lockFile 971de4d6-karma-jasmine-0-2 karma-jasmine@~0.2
76 verbose lock karma-jasmine@~0.2 /home/jani/.npm/971de4d6-karma-jasmine-0-2.lock
77 verbose cache add name="karma-chrome-launcher" spec="^0.1.8" args=["karma-chrome-launcher","^0.1.8"]
78 verbose parsed url { protocol: null,
78 verbose parsed url   slashes: null,
78 verbose parsed url   auth: null,
78 verbose parsed url   host: null,
78 verbose parsed url   port: null,
78 verbose parsed url   hostname: null,
78 verbose parsed url   hash: null,
78 verbose parsed url   search: null,
78 verbose parsed url   query: null,
78 verbose parsed url   pathname: '^0.1.8',
78 verbose parsed url   path: '^0.1.8',
78 verbose parsed url   href: '^0.1.8' }
79 verbose addNamed [ 'karma-chrome-launcher', '^0.1.8' ]
80 verbose addNamed [ null, '>=0.1.8-0 <0.2.0-0' ]
81 silly lockFile fb1a43fd-karma-chrome-launcher-0-1-8 karma-chrome-launcher@^0.1.8
82 verbose lock karma-chrome-launcher@^0.1.8 /home/jani/.npm/fb1a43fd-karma-chrome-launcher-0-1-8.lock
83 silly lockFile 0424ac46-karma-0-12 karma@~0.12
84 error Error: Attempt to unlock karma@~0.12, which hasn't been locked
84 error     at unlock (/usr/lib/node_modules/npm/lib/utils/locker.js:44:11)
84 error     at cb (/usr/lib/node_modules/npm/lib/cache/add-named.js:32:5)
84 error     at /usr/lib/node_modules/npm/lib/cache/add-named.js:41:20
84 error     at /usr/lib/node_modules/npm/lib/utils/locker.js:30:7
84 error     at cb (/usr/lib/node_modules/npm/node_modules/lockfile/lockfile.js:149:38)
84 error     at /usr/lib/node_modules/npm/node_modules/lockfile/lockfile.js:177:38
84 error     at Object.oncomplete (fs.js:108:15)
85 error If you need help, you may report this *entire* log,
85 error including the npm and node versions, at:
85 error     <http://github.com/npm/npm/issues>
86 error System Linux 3.13.0-24-generic
87 error command "/usr/bin/node" "/usr/bin/npm" "install"
88 error cwd /home/jani/Documents/code/Elokuvakirjasto
89 error node -v v0.10.38
90 error npm -v 1.4.28
91 verbose exit [ 1, true ]
